Start
[Rank 1] Got 602012 points.
[Rank 0] Got 602013 points.
Size is: 602013
Size is: 602012
Size is: 602013
Size is: 602013
Size is: 602013
Size is: 602012
Size is: 602012
Size is: 602012
Size is: 602013
Size is: 602012
number of items allocated: 13244275
number of items allocated: 13244275
finished flattened points collection
finished flattened points collection
finished cluster points collection
finished cluster points collection
Time taken (Wall clock): 1184755
Time taken (CPU clock): 1.08767
Start
[Rank 1] Got 602012 points.
[Rank 0] Got 602013 points.
Size is: 602013
Size is: 602012
Size is: 602013
Size is: 602013
Size is: 602013
Size is: 602012
Size is: 602012
Size is: 602012
Size is: 602013
Size is: 602012
number of items allocated: 13244275
number of items allocated: 13244275
finished flattened points collection
finished flattened points collection
finished cluster points collection
finished cluster points collection
Time taken (Wall clock): 852680
Time taken (CPU clock): 0.847241
Start
[Rank 1] Got 602012 points.
[Rank 0] Got 602013 points.
Size is: 602013
Size is: 602012
Size is: 602013
Size is: 602012
Size is: 602013
Size is: 602013
Size is: 602012
Size is: 602012
Size is: 602013
Size is: 602012
number of items allocated: 13244275
number of items allocated: 13244275
finished flattened points collection
finished flattened points collection
finished cluster points collection
finished cluster points collection
Time taken (Wall clock): 844882
Time taken (CPU clock): 0.839861
Files are the same
Start
[Rank 1] Got 401342 points.
[Rank 2] Got 401341 points.
[Rank 0] Got 401342 points.
Size is: 401342
Size is: 401342
Size is: 401341
Size is: 401342
Size is: 401342
Size is: 401341
Size is: 401342
Size is: 401342
Size is: 401341
Size is: 401342
Size is: 401342
Size is: 401341
Size is: 401342
Size is: 401342
Size is: 401341
number of items allocated: 13244275
number of items allocated: 13244275
number of items allocated: 13244275
finished flattened points collection
finished flattened points collection
finished flattened points collection
finished cluster points collection
finished cluster points collection
finished cluster points collection
Time taken (Wall clock): 2210625
Time taken (CPU clock): 1.10485
Start
[Rank 1] Got 401342 points.
[Rank 2] Got 401341 points.
[Rank 0] Got 401342 points.
Size is: 401342
Size is: 401342
Size is: 401341
Size is: 401342
Size is: 401342
Size is: 401341
Size is: 401342
Size is: 401342
Size is: 401341
Size is: 401342
Size is: 401342
Size is: 401341
Size is: 401342
Size is: 401342
Size is: 401341
number of items allocated: 13244275
number of items allocated: 13244275
number of items allocated: 13244275
finished flattened points collection
finished flattened points collection
finished cluster points collection
finished flattened points collection
finished cluster points collection
finished cluster points collection
Time taken (Wall clock): 1698403
Time taken (CPU clock): 0.845403
Start
[Rank 1] Got 401342 points.
[Rank 2] Got 401341 points.
[Rank 0] Got 401342 points.
Size is: 401342
Size is: 401341
Size is: 401342
Size is: 401342
Size is: 401342
Size is: 401341
Size is: 401342
Size is: 401342
Size is: 401341
Size is: 401342
Size is: 401342
Size is: 401341
Size is: 401342
Size is: 401342
Size is: 401341
number of items allocated: 13244275
number of items allocated: 13244275
number of items allocated: 13244275
finished flattened points collection
finished flattened points collection
finished cluster points collection
finished flattened points collection
finished cluster points collection
finished cluster points collection
Time taken (Wall clock): 1675007
Time taken (CPU clock): 0.839088
Files are the same
