Start
[Rank 1] Got 602012 points.
[Rank 0] Got 602013 points.
Size is: 602013
Size is: 602013
Size is: 602013
Size is: 602012
Size is: 602012
Size is: 602012
Size is: 602013
Size is: 602013
Size is: 602012
Size is: 602012
number of items allocated: 13244275
number of items allocated: 13244275
finished flattened points collection
finished cluster points collection
finished flattened points collection
finished cluster points collection
Time taken (Wall clock): 1212584
Time taken (CPU clock): 1.06069
Start
[Rank 1] Got 602012 points.
[Rank 0] Got 602013 points.
Size is: 602013
Size is: 602012
Size is: 602013
Size is: 602013
Size is: 602013
Size is: 602012
Size is: 602012
Size is: 602012
Size is: 602013
Size is: 602012
number of items allocated: 13244275
number of items allocated: 13244275
finished flattened points collection
finished flattened points collection
finished cluster points collection
finished cluster points collection
Time taken (Wall clock): 745529
Time taken (CPU clock): 0.740918
Start
[Rank 1] Got 602012 points.
[Rank 0] Got 602013 points.
Size is: 602013
Size is: 602012
Size is: 602013
Size is: 602013
Size is: 602013
Size is: 602012
Size is: 602012
Size is: 602012
Size is: 602013
Size is: 602012
number of items allocated: 13244275
number of items allocated: 13244275
finished flattened points collection
finished flattened points collection
finished cluster points collection
finished cluster points collection
Time taken (Wall clock): 744594
Time taken (CPU clock): 0.739845
Files are the same
Start
[Rank 1] Got 401342 points.
[Rank 2] Got 401341 points.
[Rank 0] Got 401342 points.
Size is: 401342
Size is: 401342
Size is: 401341
Size is: 401342
Size is: 401342
Size is: 401341
Size is: 401342
Size is: 401342
Size is: 401341
Size is: 401342
Size is: 401342
Size is: 401341
Size is: 401342
Size is: 401342
Size is: 401341
number of items allocated: 13244275
number of items allocated: 13244275
number of items allocated: 13244275
finished flattened points collection
finished flattened points collection
finished cluster points collection
finished flattened points collection
finished cluster points collection
finished cluster points collection
Time taken (Wall clock): 2100546
Time taken (CPU clock): 1.07679
Start
[Rank 1] Got 401342 points.
[Rank 2] Got 401341 points.
[Rank 0] Got 401342 points.
Size is: 401342
Size is: 401341
Size is: 401342
Size is: 401342
Size is: 401342
Size is: 401341
Size is: 401342
Size is: 401342
Size is: 401341
Size is: 401342
Size is: 401342
Size is: 401341
Size is: 401342
Size is: 401342
Size is: 401341
number of items allocated: 13244275
number of items allocated: 13244275
number of items allocated: 13244275
finished flattened points collection
finished flattened points collection
finished cluster points collection
finished flattened points collection
finished cluster points collection
finished cluster points collection
Time taken (Wall clock): 1557478
Time taken (CPU clock): 0.779088
Start
[Rank 1] Got 401342 points.
[Rank 2] Got 401341 points.
[Rank 0] Got 401342 points.
Size is: 401342
Size is: 401342
Size is: 401341
Size is: 401342
Size is: 401342
Size is: 401341
Size is: 401342
Size is: 401342
Size is: 401341
Size is: 401342
Size is: 401342
Size is: 401341
Size is: 401342
Size is: 401342
Size is: 401341
number of items allocated: 13244275
number of items allocated: 13244275
number of items allocated: 13244275
finished flattened points collection
finished flattened points collection
finished cluster points collection
finished flattened points collection
finished cluster points collection
finished cluster points collection
Time taken (Wall clock): 1570966
Time taken (CPU clock): 0.777644
Files are the same
