Rank: 2 started
Rank: 3 started
Rank: 1 started
Rank: 0 started
Start
[Rank 1] Got 301006 points.
[Rank 2] Got 301006 points.
[Rank 3] Got 301006 points.
[Rank 0] Got 301007 points.
Size is: 301007
Size is: 301006
Size is: 301006
Size is: 301006
Size is: 301006Size is: 301007

Size is: 301006
Size is: 301006
Size is: 301007
Size is: 301006
Size is: 301006
Size is: 301006
Size is: 301007
Size is: 301006
Size is: 301006
Size is: 301006
Size is: 301007
Size is: 301006
Size is: 301006
Size is: 301006
Time taken (Wall clock): 2427441
Time taken (CPU clock): 1.23582
Start
[Rank 2] Got 301006 points.
[Rank 3] Got 301006 points.
[Rank 1] Got 301006 points.
[Rank 0] Got 301007 points.
Size is: 301007
Size is: 301006
Size is: 301006
Size is: 301006
Size is: 301007
Size is: 301006
Size is: 301006
Size is: 301006
Size is: 301007
Size is: 301006
Size is: 301006
Size is: 301006
Size is: 301007
Size is: 301006
Size is: 301006
Size is: 301006
Size is: 301007
Size is: 301006
Size is: 301006
Size is: 301006
Time taken (Wall clock): 1543393
Time taken (CPU clock): 0.761931
Start
[Rank 3] Got 301006 points.
[Rank 1] Got 301006 points.
[Rank 2] Got 301006 points.
[Rank 0] Got 301007 points.
Size is: 301006
Size is: 301006
Size is: 301006
Size is: 301007
Size is: 301007
Size is: 301006
Size is: 301006
Size is: 301006
Size is: 301007
Size is: 301006
Size is: 301006
Size is: 301006
Size is: 301007
Size is: 301006
Size is: 301006
Size is: 301006
Size is: 301007
Size is: 301006
Size is: 301006
Size is: 301006
Time taken (Wall clock): 1449619
Time taken (CPU clock): 0.722721
Files are the same
